Change Component Designator: OldDesignator=1 NewDesignator=R10
Change Component Designator: OldDesignator=2 NewDesignator=R11
Change Component Designator: OldDesignator=3 NewDesignator=C10
Change Component Designator: OldDesignator=4 NewDesignator=C11
Change Component Designator: OldDesignator=5 NewDesignator=C12
Change Component Designator: OldDesignator=6 NewDesignator=C13
Change Component Designator: OldDesignator=7 NewDesignator=R12
Change Component Designator: OldDesignator=8 NewDesignator=R13
Change Component Designator: OldDesignator=C1 NewDesignator=C2
Change Component Designator: OldDesignator=C2 NewDesignator=C3
Change Component Designator: OldDesignator=C3 NewDesignator=C6
Change Component Designator: OldDesignator=C4 NewDesignator=C7
Change Component Designator: OldDesignator=C5 NewDesignator=C8
Change Component Designator: OldDesignator=C6 NewDesignator=C9
Change Component Designator: OldDesignator=C7 NewDesignator=C1
Change Component Designator: OldDesignator=C8 NewDesignator=C4
Change Component Designator: OldDesignator=C9 NewDesignator=C5
Change Component Designator: OldDesignator=DNP1 NewDesignator=R7
Change Component Designator: OldDesignator=J1 NewDesignator=J4
Change Component Designator: OldDesignator=J2 NewDesignator=J5
Change Component Designator: OldDesignator=J3 NewDesignator=J6
Change Component Designator: OldDesignator=J4 NewDesignator=J7
Change Component Designator: OldDesignator=J5 NewDesignator=J8
Change Component Designator: OldDesignator=J6 NewDesignator=J1
Change Component Designator: OldDesignator=J7 NewDesignator=J2
Change Component Designator: OldDesignator=J8 NewDesignator=J3
Change Component Designator: OldDesignator=R7 NewDesignator=R8
Change Component Designator: OldDesignator=R8 NewDesignator=R9
Change Net Name : Old Net Name=Net1_1 New Net Name=NetC7_2
Change Net Name : Old Net Name=Net1_2 New Net Name=NetC10_1
Change Net Name : Old Net Name=Net2_1 New Net Name=NetC11_2
Change Net Name : Old Net Name=Net2_2 New Net Name=NetC11_1
Change Net Name : Old Net Name=Net5_2 New Net Name=NetC12_2
Change Net Name : Old Net Name=Net6_2 New Net Name=NetC13_2
Change Net Name : Old Net Name=NetC1_1 New Net Name=NetC2_1
Change Net Name : Old Net Name=NetC1_2 New Net Name=NetC2_2
Change Net Name : Old Net Name=NetC2_1 New Net Name=NetC3_1
Change Net Name : Old Net Name=NetC2_2 New Net Name=NetC3_2
Change Net Name : Old Net Name=NetC3_1 New Net Name=NetC6_1
Change Net Name : Old Net Name=NetC4_1 New Net Name=NetC7_1
Change Net Name : Old Net Name=NetC5_1 New Net Name=NetC8_1
Change Net Name : Old Net Name=NetC6_1 New Net Name=NetC9_1
Change Net Name : Old Net Name=NetDNP1_1 New Net Name=NetR3_1
Change Net Name : Old Net Name=NetDNP1_2 New Net Name=NetR5_1
