--------------------------------- Version Log ----------------------------------
Version                                 Path
System Generator 2021.1                 /tools/Xilinx/Vivado/2021.1
Matlab 9.10.0.2015706 (R2021a) Update 7 /usr/local/MATLAB/R2021a
Vivado 2021.1                           /tools/Xilinx/Vivado/2021.1
--------------------------------------------------------------------------------
Summary of Errors:
Error 0001: Undriven input port
     Block: 'qcm_rp/Slice'
Error 0002: Undriven input port
     Block: 'qcm_rp/Slice1'
Error 0003: Undriven input port
     Block: 'qcm_rp/Slice2'
Error 0004: Undriven input port
     Block: 'qcm_rp/Slice3'
Error 0005: Undriven input port
     Block: 'qcm_rp/Slice6'
Error 0006: Undriven input port
     Block: 'qcm_rp/Slice7'
--------------------------------------------------------------------------------

Error 0001:

Reported by:
  'qcm_rp/Slice'

Details:
The input ports on this block must be driven by other Xilinx blocks
--------------------------------------------------------------------------------

Error 0001:

Reported by:
  'qcm_rp/Slice1'

Details:
The input ports on this block must be driven by other Xilinx blocks
--------------------------------------------------------------------------------

Error 0001:

Reported by:
  'qcm_rp/Slice2'

Details:
The input ports on this block must be driven by other Xilinx blocks
--------------------------------------------------------------------------------

Error 0001:

Reported by:
  'qcm_rp/Slice3'

Details:
The input ports on this block must be driven by other Xilinx blocks
--------------------------------------------------------------------------------

Error 0001:

Reported by:
  'qcm_rp/Slice6'

Details:
The input ports on this block must be driven by other Xilinx blocks
--------------------------------------------------------------------------------

Error 0001:

Reported by:
  'qcm_rp/Slice7'

Details:
The input ports on this block must be driven by other Xilinx blocks
--------------------------------------------------------------------------------
